make all --print-data-base --no-builtin-variables --no-builtin-rules --question
make: *** No rule to make target 'all'.  Stop.

# GNU Make 4.3
# Built for x86_64-pc-linux-gnu
# Copyright (C) 1988-2020 Free Software Foundation, Inc.
# License GPLv3+: GNU GPL version 3 or later <http://gnu.org/licenses/gpl.html>
# This is free software: you are free to change and redistribute it.
# There is NO WARRANTY, to the extent permitted by law.

# Make data base, printed on Sun May 29 21:48:04 2022

# Variables

# environment
GDK_BACKEND = x11
# environment
LC_ALL = C
# environment
GTK_RC_FILES = /etc/gtk/gtkrc:/home/dimitrii/.gtkrc:/home/dimitrii/.config/gtkrc
# environment
VSCODE_IPC_HOOK_EXTHOST = /run/user/1000/vscode-ipc-c6c6c798-4b76-44ef-bf7c-89625745a5be.sock
# environment
LC_NAME = ru_RU.UTF-8
# environment
LC_NUMERIC = ru_RU.UTF-8
# environment
VSCODE_CWD = /home/dimitrii/rust_work
# makefile (from 'Makefile', line 5)
OPENCV_VERSION = 4.5.5
# environment
LC_ADDRESS = ru_RU.UTF-8
# default
MAKE_COMMAND := make
# environment
QT_ACCESSIBILITY = 1
# automatic
@D = $(patsubst %/,%,$(dir $@))
# environment
VSCODE_HANDLES_UNCAUGHT_ERRORS = true
# default
.VARIABLES := 
# environment
PWD = /home/dimitrii/rust_work/rust-road-traffic
# automatic
%D = $(patsubst %/,%,$(dir $%))
# environment
XDG_DATA_DIRS = /usr/share/plasma:/usr/local/share:/usr/share:/var/lib/snapd/desktop
# automatic
^D = $(patsubst %/,%,$(dir $^))
# environment
VSCODE_LOG_STACK = false
# automatic
%F = $(notdir $%)
# environment
VSCODE_CODE_CACHE_PATH = /home/dimitrii/.config/Code/CachedData/c3511e6c69bb39013c4a4b7b9566ec1ca73fc4d5
# environment
XDG_SESSION_PATH = /org/freedesktop/DisplayManager/Session1
# environment
LANG = C
# environment
XAUTHORITY = /home/dimitrii/.Xauthority
# default
.LOADED := 
# default
.INCLUDE_DIRS = /usr/local/include /usr/include /usr/include
# makefile
MAKEFLAGS = pqrR
# makefile
CURDIR := /home/dimitrii/rust_work/rust-road-traffic
# environment
VSCODE_PIPE_LOGGING = true
# environment
APPLICATION_INSIGHTS_NO_DIAGNOSTIC_CHANNEL = 1
# environment
LESSOPEN = | /usr/bin/lesspipe %s
# automatic
*D = $(patsubst %/,%,$(dir $*))
# environment
PAM_KWALLET5_LOGIN = /run/user/1000/kwallet5.socket
# environment
MFLAGS = -pqrR
# environment
SSH_AUTH_SOCK = /tmp/ssh-XXXXXXv48pvt/agent.1280
# default
.SHELLFLAGS := -c
# environment
XDG_CONFIG_DIRS = /home/dimitrii/.config/kdedefaults:/etc/xdg/xdg-plasma:/etc/xdg:/usr/share/ubuntustudio/kf5-settings
# automatic
+D = $(patsubst %/,%,$(dir $+))
# makefile (from 'Makefile', line 11)
BUILD_SHARED_LIBS = ON
# environment
XCURSOR_THEME = Breeze_Snow
# environment
XDG_SESSION_DESKTOP = KDE
# makefile (from 'Makefile', line 1)
MAKEFILE_LIST := Makefile
# automatic
@F = $(notdir $@)
# environment
VSCODE_VERBOSE_LOGGING = true
# environment
VSCODE_PID = 55648
# makefile (from 'Makefile', line 8)
TMP_DIR = /tmp/
# environment
XDG_SESSION_TYPE = x11
# automatic
?D = $(patsubst %/,%,$(dir $?))
# environment
SESSION_MANAGER = local/DimitriiPC:@/tmp/.ICE-unix/1575,unix/DimitriiPC:/tmp/.ICE-unix/1575
# automatic
*F = $(notdir $*)
# makefile (from 'Makefile', line 16)
JETSON = build-essential cmake git unzip pkg-config libjpeg-dev libpng-dev libtiff-dev libavcodec-dev libavformat-dev libswscale-dev libgtk2.0-dev libcanberra-gtk* libxvidcore-dev libx264-dev libgtk-3-dev libtbb2 libtbb-dev libdc1394-dev libv4l-dev v4l-utils libgstreamer1.0-dev libgstreamer-plugins-base1.0-dev libavresample-dev libvorbis-dev libxine2-dev libfaac-dev libmp3lame-dev libtheora-dev libopencore-amrnb-dev libopencore-amrwb-dev libopenblas-dev libatlas-base-dev libblas-dev liblapack-dev libeigen3-dev gfortran libhdf5-dev protobuf-compiler libprotobuf-dev libgoogle-glog-dev libgflags-dev
# environment
CHROME_DESKTOP = code-url-handler.desktop
# environment
DBUS_SESSION_BUS_ADDRESS = unix:path=/run/user/1000/bus
# automatic
<D = $(patsubst %/,%,$(dir $<))
# environment
VSCODE_NLS_CONFIG = {"locale":"en-us","availableLanguages":{},"_languagePackSupport":true}
# default
MAKE_HOST := x86_64-pc-linux-gnu
# makefile
SHELL = /bin/sh
# default
MAKECMDGOALS := all
# environment
XMODIFIERS = @im=ibus
# makefile (from 'Makefile', line 15)
DEBS = unzip wget build-essential cmake curl git libgtk2.0-dev pkg-config libavcodec-dev libavformat-dev libswscale-dev libtbb2 libtbb-dev libjpeg-dev libpng-dev libtiff-dev libdc1394-dev
# environment
SHLVL = 0
# environment
MAKELEVEL := 0
# default
MAKE = $(MAKE_COMMAND)
# environment
PATH = /home/dimitrii/.cargo/bin:/usr/local/sbin:/usr/local/bin:/usr/sbin:/usr/bin:/sbin:/bin:/usr/games:/usr/local/games:/snap/bin:/usr/local/go/bin:/usr/local/go/bin
# default
MAKEFILES := 
# environment
LC_MONETARY = ru_RU.UTF-8
# automatic
^F = $(notdir $^)
# environment
LC_TIME = ru_RU.UTF-8
# environment
VSCODE_LOG_NATIVE = false
# environment
LC_TELEPHONE = ru_RU.UTF-8
# environment
LESSCLOSE = /usr/bin/lesspipe %s %s
# automatic
?F = $(notdir $?)
# environment
KDE_APPLICATIONS_AS_SCOPE = 1
# environment
XDG_SEAT = seat0
# environment
GTK_IM_MODULE = ibus
# environment
XDG_CURRENT_DESKTOP = KDE
# environment
LS_COLORS = 
# automatic
+F = $(notdir $+)
# environment
XDG_SEAT_PATH = /org/freedesktop/DisplayManager/Seat0
# environment
DESKTOP_SESSION = plasma
# environment
ORIGINAL_XDG_CURRENT_DESKTOP = KDE
# 'override' directive
GNUMAKEFLAGS := 
# environment
CLUTTER_IM_MODULE = ibus
# environment
LOGNAME = dimitrii
# environment
XDG_VTNR = 1
# makefile
.DEFAULT_GOAL := deps
# environment
SYSTEMD_EXEC_PID = 1257
# environment
DISPLAY = :0
# environment
USER = dimitrii
# default
MAKE_VERSION := 4.3
# environment
KDE_SESSION_UID = 1000
# 'override' directive
.SHELLSTATUS := 0
# environment
LC_MEASUREMENT = ru_RU.UTF-8
# environment
SSH_AGENT_PID = 1342
# environment
_ = /usr/share/code/code
# makefile (from 'Makefile', line 14)
RPMS = cmake curl wget git gtk2-devel libpng-devel libjpeg-devel libtiff-devel tbb tbb-devel libdc1394-dev unzip gcc-c++
# environment
LC_PAPER = ru_RU.UTF-8
# environment
XDG_RUNTIME_DIR = /run/user/1000
# environment
GPG_AGENT_INFO = /run/user/1000/gnupg/S.gpg-agent:0:1
# makefile (from 'Makefile', line 24)
distro_deps = deps_debian
# environment
XDG_SESSION_CLASS = user
# environment
VSCODE_AMD_ENTRYPOINT = vs/workbench/api/node/extensionHostProcess
# environment
GTK2_RC_FILES = /etc/gtk-2.0/gtkrc:/home/dimitrii/.gtkrc-2.0:/home/dimitrii/.config/gtkrc-2.0
# environment
HOME = /home/dimitrii
# environment
QT_IM_MODULE = ibus
# environment
ELECTRON_RUN_AS_NODE = 1
# environment
VSCODE_IPC_HOOK = /run/user/1000/vscode-42c3750d-1.67.2-main.sock
# environment
XDG_SESSION_ID = 3
# environment
XCURSOR_SIZE = 24
# environment
IM_CONFIG_PHASE = 1
# default
.RECIPEPREFIX := 
# automatic
<F = $(notdir $<)
# default
SUFFIXES := 
# environment
QT_AUTO_SCREEN_SCALE_FACTOR = 0
# environment
KDE_SESSION_VERSION = 5
# default
.FEATURES := target-specific order-only second-expansion else-if shortest-stem undefine oneshell nocomment grouped-target extra-prereqs archives jobserver output-sync check-symlink load
# environment
KDE_FULL_SESSION = true
# environment
LC_IDENTIFICATION = ru_RU.UTF-8
# variable set hash-table stats:
# Load=118/1024=12%, Rehash=0, Collisions=6/160=4%

# Pattern-specific Variable Values

# No pattern-specific variable values.

# Directories

# . (device 66306, inode 8653038): 14 files, no impossibilities.

# 14 files, no impossibilities in 1 directories.

# Implicit Rules

# No implicit rules.

# Files

.ONESHELL:
#  Implicit rule search has not been done.
#  Modification time never checked.
#  File has not been updated.

install_cuda: deps download sudo_pre_install_clean build_cuda sudo_install clean
#  Implicit rule search has not been done.
#  Modification time never checked.
#  File has not been updated.

sudo_pre_install_clean:
#  Implicit rule search has not been done.
#  Modification time never checked.
#  File has not been updated.
#  recipe to execute (from 'Makefile', line 154):
	sudo rm -rf /usr/local/lib/cmake/opencv4/
	sudo rm -rf /usr/local/lib/libopencv*
	sudo rm -rf /usr/local/lib/pkgconfig/opencv*
	sudo rm -rf /usr/local/include/opencv*

deps_rh_centos:
#  Implicit rule search has not been done.
#  Modification time never checked.
#  File has not been updated.
#  recipe to execute (from 'Makefile', line 36):
	sudo yum -y install pkgconfig $(RPMS)

deps_fedora:
#  Implicit rule search has not been done.
#  Modification time never checked.
#  File has not been updated.
#  recipe to execute (from 'Makefile', line 39):
	sudo dnf -y install pkgconf-pkg-config $(RPMS)

# Not a target:
Makefile:
#  Implicit rule search has been done.
#  Last modified 2022-05-29 21:27:01.423974304
#  File has been updated.
#  Successfully updated.

build_all:
#  Implicit rule search has not been done.
#  Modification time never checked.
#  File has not been updated.
#  recipe to execute (from 'Makefile', line 139):
	cd $(TMP_DIR)opencv/opencv-$(OPENCV_VERSION)
	mkdir build
	cd build
	rm -rf *
	cmake -D CMAKE_BUILD_TYPE=RELEASE -D CMAKE_INSTALL_PREFIX=/usr/local -D BUILD_SHARED_LIBS=${BUILD_SHARED_LIBS} -D ENABLE_CXX11=ON -D OPENCV_EXTRA_MODULES_PATH=$(TMP_DIR)opencv/opencv_contrib-$(OPENCV_VERSION)/modules -D WITH_INF_ENGINE=ON -D InferenceEngine_DIR=/usr/local/dldt/inference-engine/build -D BUILD_DOCS=OFF -D BUILD_EXAMPLES=OFF -D BUILD_TESTS=OFF -D BUILD_PERF_TESTS=OFF -D BUILD_opencv_java=NO -D BUILD_opencv_python=NO -D BUILD_opencv_python2=NO -D BUILD_opencv_python3=NO -D WITH_JASPER=OFF -DOPENCV_GENERATE_PKGCONFIG=ON -DWITH_CUDA=ON -DENABLE_FAST_MATH=1 -DCUDA_FAST_MATH=1 -DWITH_CUBLAS=1 -DCUDA_TOOLKIT_ROOT_DIR=/usr/local/cuda/ -DBUILD_opencv_cudacodec=OFF -D WITH_CUDNN=ON -D OPENCV_DNN_CUDA=ON -D CUDA_GENERATION=Auto ..
	$(MAKE) -j $(shell nproc --all)
	$(MAKE) preinstall
 
	cd -

deps_debian:
#  Implicit rule search has not been done.
#  Modification time never checked.
#  File has not been updated.
#  recipe to execute (from 'Makefile', line 42):
	sudo apt-get -y update
	sudo apt-get -y install $(DEBS)

install_static: deps download sudo_pre_install_clean build_static sudo_install clean
#  Implicit rule search has not been done.
#  Modification time never checked.
#  File has not been updated.

download:
#  Phony target (prerequisite of .PHONY).
#  Implicit rule search has not been done.
#  File does not exist.
#  File has not been updated.
#  recipe to execute (from 'Makefile', line 53):
	rm -rf $(TMP_DIR)opencv
	mkdir $(TMP_DIR)opencv
	cd $(TMP_DIR)opencv
	curl -Lo opencv.zip https://github.com/opencv/opencv/archive/$(OPENCV_VERSION).zip
	unzip -q opencv.zip
	curl -Lo opencv_contrib.zip https://github.com/opencv/opencv_contrib/archive/$(OPENCV_VERSION).zip
	unzip -q opencv_contrib.zip
	rm opencv.zip opencv_contrib.zip
	cd -

clean:
#  Phony target (prerequisite of .PHONY).
#  Implicit rule search has not been done.
#  File does not exist.
#  File has not been updated.
#  recipe to execute (from 'Makefile', line 150):
	rm -rf $(TMP_DIR)opencv

build_jetson:
#  Implicit rule search has not been done.
#  Modification time never checked.
#  File has not been updated.
#  recipe to execute (from 'Makefile', line 76):
	cd $(TMP_DIR)opencv/opencv-$(OPENCV_VERSION)
	mkdir build
	cd build
	rm -rf *
	cmake -D CMAKE_BUILD_TYPE=RELEASE \
		-D CMAKE_INSTALL_PREFIX=/usr/local \
		-D EIGEN_INCLUDE_PATH=/usr/include/eigen3 \
		-D BUILD_SHARED_LIBS=${BUILD_SHARED_LIBS} \
		-D OPENCV_EXTRA_MODULES_PATH=$(TMP_DIR)opencv/opencv_contrib-$(OPENCV_VERSION)/modules \
		-D BUILD_DOCS=OFF -D BUILD_EXAMPLES=OFF -D BUILD_TESTS=OFF -D BUILD_PERF_TESTS=OFF -D BUILD_opencv_java=OFF -D BUILD_opencv_python=NO -D BUILD_opencv_python2=NO -D BUILD_opencv_python3=NO \
		-D WITH_JASPER=OFF \
        -D WITH_OPENCL=OFF \
		-D WITH_CUDA=ON \
		-D CUDA_ARCH_BIN="5.3,6.2,7.2" \
		-D CUDA_ARCH_PTX="" \
		-D WITH_CUDNN=ON \
		-D WITH_CUBLAS=1 \
		-D ENABLE_FAST_MATH=1 \
		-D CUDA_FAST_MATH=1 \
		-D OPENCV_DNN_CUDA=ON \
		-D ENABLE_NEON=ON \
		-D WITH_QT=OFF \
		-D WITH_OPENMP=ON \
		-D WITH_OPENGL=ON \
		-D BUILD_TIFF=ON \
		-D WITH_FFMPEG=ON \
		-D WITH_GSTREAMER=ON \
		-D WITH_TBB=ON \
		-D BUILD_TBB=ON \
		-D BUILD_TESTS=OFF \
		-D WITH_EIGEN=ON \
		-D WITH_V4L=ON \
		-D WITH_LIBV4L=ON \
        -D CUDA_TOOLKIT_ROOT_DIR=/usr/local/cuda/ \
		-D OPENCV_GENERATE_PKGCONFIG=ON ..
	$(MAKE) -j $(shell nproc --all)
	$(MAKE) preinstall
	cd -

build_static:
#  Implicit rule search has not been done.
#  Modification time never checked.
#  File has not been updated.
#  recipe to execute (from 'Makefile', line 128):
	cd $(TMP_DIR)opencv/opencv-$(OPENCV_VERSION)
	mkdir build
	cd build
	rm -rf *
	cmake -D CMAKE_BUILD_TYPE=RELEASE -D CMAKE_INSTALL_PREFIX=/usr/local -D BUILD_SHARED_LIBS=OFF -D OPENCV_EXTRA_MODULES_PATH=$(TMP_DIR)opencv/opencv_contrib-$(OPENCV_VERSION)/modules -D BUILD_DOCS=OFF -D BUILD_EXAMPLES=OFF -D BUILD_TESTS=OFF -D BUILD_PERF_TESTS=OFF -D BUILD_opencv_java=NO -D BUILD_opencv_python=NO -D BUILD_opencv_python2=NO -D BUILD_opencv_python3=NO -DWITH_JASPER=OFF -DWITH_QT=OFF -DWITH_GTK=OFF -DWITH_FFMPEG=OFF -DWITH_TIFF=OFF -DWITH_WEBP=OFF -DWITH_PNG=OFF -DWITH_1394=OFF -DWITH_OPENJPEG=OFF -DOPENCV_GENERATE_PKGCONFIG=ON ..
	$(MAKE) -j $(shell nproc --all)
	$(MAKE) preinstall
	cd -

# Not a target:
.DEFAULT:
#  Implicit rule search has not been done.
#  Modification time never checked.
#  File has not been updated.

# Not a target:
all:
#  Command line target.
#  Implicit rule search has been done.
#  File does not exist.
#  File has not been updated.

build:
#  Phony target (prerequisite of .PHONY).
#  Implicit rule search has not been done.
#  File does not exist.
#  File has not been updated.
#  recipe to execute (from 'Makefile', line 65):
	cd $(TMP_DIR)opencv/opencv-$(OPENCV_VERSION)
	mkdir build
	cd build
	rm -rf *
	cmake -D CMAKE_BUILD_TYPE=RELEASE -D CMAKE_INSTALL_PREFIX=/usr/local -D BUILD_SHARED_LIBS=${BUILD_SHARED_LIBS} -D OPENCV_EXTRA_MODULES_PATH=$(TMP_DIR)opencv/opencv_contrib-$(OPENCV_VERSION)/modules -D BUILD_DOCS=OFF -D BUILD_EXAMPLES=OFF -D BUILD_TESTS=OFF -D BUILD_PERF_TESTS=OFF -D BUILD_opencv_java=NO -D BUILD_opencv_python=NO -D BUILD_opencv_python2=NO -D BUILD_opencv_python3=NO -D WITH_JASPER=OFF -DOPENCV_GENERATE_PKGCONFIG=ON ..
	$(MAKE) -j $(shell nproc --all)
	$(MAKE) preinstall
	cd -

test:
#  Phony target (prerequisite of .PHONY).
#  Implicit rule search has not been done.
#  File does not exist.
#  File has not been updated.

install_jetson: deps download build_jetson sudo_install clean
#  Implicit rule search has not been done.
#  Modification time never checked.
#  File has not been updated.

install: deps download sudo_pre_install_clean build sudo_install clean
#  Implicit rule search has not been done.
#  Modification time never checked.
#  File has not been updated.

build_cuda:
#  Implicit rule search has not been done.
#  Modification time never checked.
#  File has not been updated.
#  recipe to execute (from 'Makefile', line 117):
	cd $(TMP_DIR)opencv/opencv-$(OPENCV_VERSION)
	mkdir build
	cd build
	rm -rf *
	cmake -D CMAKE_BUILD_TYPE=RELEASE -D CMAKE_INSTALL_PREFIX=/usr/local -D BUILD_SHARED_LIBS=${BUILD_SHARED_LIBS} -D OPENCV_EXTRA_MODULES_PATH=$(TMP_DIR)opencv/opencv_contrib-$(OPENCV_VERSION)/modules -D WITH_FFMPEG=ON -D BUILD_DOCS=OFF -D BUILD_EXAMPLES=OFF -D BUILD_TESTS=OFF -D BUILD_PERF_TESTS=OFF -D BUILD_opencv_java=NO -D BUILD_opencv_python=NO -D BUILD_opencv_python2=NO -D BUILD_opencv_python3=NO -D WITH_JASPER=OFF -DOPENCV_GENERATE_PKGCONFIG=ON -DWITH_CUDA=ON -DENABLE_FAST_MATH=1 -DCUDA_FAST_MATH=1 -DWITH_CUBLAS=1 -DCUDA_TOOLKIT_ROOT_DIR=/usr/local/cuda/ -DBUILD_opencv_cudacodec=OFF -D WITH_CUDNN=ON -D OPENCV_DNN_CUDA=ON -D CUDA_GENERATION=Auto ..
	$(MAKE) -j $(shell nproc --all)
	$(MAKE) preinstall
	cd -

deps: deps_debian
#  Phony target (prerequisite of .PHONY).
#  Implicit rule search has not been done.
#  File does not exist.
#  File has not been updated.

.PHONY: test deps download build clean
#  Implicit rule search has not been done.
#  Modification time never checked.
#  File has not been updated.

deps_jetson:
#  Implicit rule search has not been done.
#  Modification time never checked.
#  File has not been updated.
#  recipe to execute (from 'Makefile', line 46):
	sudo sh -c "echo '/usr/local/cuda/lib64' >> /etc/ld.so.conf.d/nvidia-tegra.conf"
	sudo ldconfig
	sudo apt-get -y update
	sudo apt-get -y install $(JETSON)

sudo_install:
#  Implicit rule search has not been done.
#  Modification time never checked.
#  File has not been updated.
#  recipe to execute (from 'Makefile', line 173):
	cd $(TMP_DIR)opencv/opencv-$(OPENCV_VERSION)/build
	sudo $(MAKE) install
	sudo ldconfig
	cd -

# files hash-table stats:
# Load=25/1024=2%, Rehash=0, Collisions=0/70=0%
# VPATH Search Paths

# No 'vpath' search paths.

# No general ('VPATH' variable) search path.

# strcache buffers: 1 (0) / strings = 40 / storage = 401 B / avg = 10 B
# current buf: size = 8162 B / used = 401 B / count = 40 / avg = 10 B

# strcache performance: lookups = 92 / hit rate = 56%
# hash-table stats:
# Load=40/8192=0%, Rehash=0, Collisions=0/92=0%
# Finished Make data base on Sun May 29 21:48:04 2022

 
